C:\Program Files\Microsoft Visual Studio\2022\Community\MSBuild\Microsoft\VC\v170\Microsoft.CppBuild.targets(514,5): warning MSB8028: El directorio intermedio (x64\Debug\) contiene archivos compartidos de otro proyecto (EasyBlockChain.vcxproj). Esto puede dar lugar a un comportamiento incorrecto de limpieza y recompilación.
  Main.cpp
B:\Work\Maestria\UTEC\23-1\Estructura de Datos\Proyecto1\Candidatos\BC\BlockChain2023_20230607 0025\BlockChain2023\BlockChain2023\BlockChain.h(139,27): warning C4129: ' ': secuencia de escape de carácter no reconocida
B:\Work\Maestria\UTEC\23-1\Estructura de Datos\Proyecto1\Candidatos\BC\BlockChain2023_20230607 0025\BlockChain2023\BlockChain2023\TextTable.h(105,28): warning C4267: 'return': conversión de 'size_t' a 'unsigned int'; posible pérdida de datos
B:\Work\Maestria\UTEC\23-1\Estructura de Datos\Proyecto1\Candidatos\BC\BlockChain2023_20230607 0025\BlockChain2023\BlockChain2023\TextTable.h(108,1): warning C4267: 'inicializando': conversión de 'size_t' a 'unsigned int'; posible pérdida de datos
B:\Work\Maestria\UTEC\23-1\Estructura de Datos\Proyecto1\Candidatos\BC\BlockChain2023_20230607 0025\BlockChain2023\BlockChain2023\Main.cpp(285,27): warning C4129: ' ': secuencia de escape de carácter no reconocida
B:\Work\Maestria\UTEC\23-1\Estructura de Datos\Proyecto1\Candidatos\BC\BlockChain2023_20230607 0025\BlockChain2023\BlockChain2023\Main.cpp(313,28): warning C4129: ' ': secuencia de escape de carácter no reconocida
B:\Work\Maestria\UTEC\23-1\Estructura de Datos\Proyecto1\Candidatos\BC\BlockChain2023_20230607 0025\BlockChain2023\BlockChain2023\Main.cpp(319,27): warning C4129: ' ': secuencia de escape de carácter no reconocida
B:\Work\Maestria\UTEC\23-1\Estructura de Datos\Proyecto1\Candidatos\BC\BlockChain2023_20230607 0025\BlockChain2023\BlockChain2023\Main.cpp(351,28): warning C4129: ' ': secuencia de escape de carácter no reconocida
B:\Work\Maestria\UTEC\23-1\Estructura de Datos\Proyecto1\Candidatos\BC\BlockChain2023_20230607 0025\BlockChain2023\BlockChain2023\Main.cpp(357,27): warning C4129: ' ': secuencia de escape de carácter no reconocida
B:\Work\Maestria\UTEC\23-1\Estructura de Datos\Proyecto1\Candidatos\BC\BlockChain2023_20230607 0025\BlockChain2023\BlockChain2023\Main.cpp(372,45): warning C4129: ' ': secuencia de escape de carácter no reconocida
B:\Work\Maestria\UTEC\23-1\Estructura de Datos\Proyecto1\Candidatos\BC\BlockChain2023_20230607 0025\BlockChain2023\BlockChain2023\Main.cpp(386,28): warning C4129: ' ': secuencia de escape de carácter no reconocida
B:\Work\Maestria\UTEC\23-1\Estructura de Datos\Proyecto1\Candidatos\BC\BlockChain2023_20230607 0025\BlockChain2023\BlockChain2023\Main.cpp(472,6): warning C4101: 'IdTrx': variable local sin referencia
B:\Work\Maestria\UTEC\23-1\Estructura de Datos\Proyecto1\Candidatos\BC\BlockChain2023_20230607 0025\BlockChain2023\BlockChain2023\Block.h(127,25): warning C4018: '<': no coinciden signed/unsigned
B:\Work\Maestria\UTEC\23-1\Estructura de Datos\Proyecto1\Candidatos\BC\BlockChain2023_20230607 0025\BlockChain2023\BlockChain2023\Block.h(124): message : al compilar la función del miembro clase plantilla "void CBlock<Transaccion>::Minar(int)"
B:\Work\Maestria\UTEC\23-1\Estructura de Datos\Proyecto1\Candidatos\BC\BlockChain2023_20230607 0025\BlockChain2023\BlockChain2023\BlockChain.h(62): message : Vea la referencia a la creación de una instancia de la función plantilla "void CBlock<Transaccion>::Minar(int)" que se está compilando
B:\Work\Maestria\UTEC\23-1\Estructura de Datos\Proyecto1\Candidatos\BC\BlockChain2023_20230607 0025\BlockChain2023\BlockChain2023\Block.h(73): message : al compilar la función del miembro clase plantilla "CBlock<Transaccion>::CBlock(void)"
B:\Work\Maestria\UTEC\23-1\Estructura de Datos\Proyecto1\Candidatos\BC\BlockChain2023_20230607 0025\BlockChain2023\BlockChain2023\Main.cpp(127): message : Vea la referencia a la creación de una instancia de la función plantilla "CBlock<Transaccion>::CBlock(void)" que se está compilando
B:\Work\Maestria\UTEC\23-1\Estructura de Datos\Proyecto1\Candidatos\BC\BlockChain2023_20230607 0025\BlockChain2023\BlockChain2023\Main.cpp(39): message : Vea la referencia a la creación de una instancia de clase plantilla "CBlock<Transaccion>" que se está compilando
  BlockChain2023.vcxproj -> B:\Work\Maestria\UTEC\23-1\Estructura de Datos\Proyecto1\Candidatos\BC\BlockChain2023_20230607 0025\BlockChain2023\x64\Debug\BlockChain2023.exe
