C:\Program Files\Microsoft Visual Studio\2022\Community\MSBuild\Microsoft\VC\v170\Microsoft.CppBuild.targets(514,5): warning MSB8028: El directorio intermedio (x64\Debug\) contiene archivos compartidos de otro proyecto (EasyBlockChain.vcxproj). Esto puede dar lugar a un comportamiento incorrecto de limpieza y recompilación.
  Main.cpp
B:\Work\Maestria\UTEC\23-1\Estructura de Datos\Proyecto1\Candidatos\BC\Proy_BlockChain\EasyBlockChain\BlockChain.h(106,27): warning C4129: ' ': secuencia de escape de carácter no reconocida
B:\Work\Maestria\UTEC\23-1\Estructura de Datos\Proyecto1\Candidatos\BC\Proy_BlockChain\EasyBlockChain\TextTable.h(105,28): warning C4267: 'return': conversión de 'size_t' a 'unsigned int'; posible pérdida de datos
B:\Work\Maestria\UTEC\23-1\Estructura de Datos\Proyecto1\Candidatos\BC\Proy_BlockChain\EasyBlockChain\TextTable.h(108,1): warning C4267: 'inicializando': conversión de 'size_t' a 'unsigned int'; posible pérdida de datos
B:\Work\Maestria\UTEC\23-1\Estructura de Datos\Proyecto1\Candidatos\BC\Proy_BlockChain\EasyBlockChain\Main.cpp(31,30): warning C4129: '*': secuencia de escape de carácter no reconocida
B:\Work\Maestria\UTEC\23-1\Estructura de Datos\Proyecto1\Candidatos\BC\Proy_BlockChain\EasyBlockChain\Main.cpp(254,27): warning C4129: ' ': secuencia de escape de carácter no reconocida
B:\Work\Maestria\UTEC\23-1\Estructura de Datos\Proyecto1\Candidatos\BC\Proy_BlockChain\EasyBlockChain\Main.cpp(282,28): warning C4129: ' ': secuencia de escape de carácter no reconocida
B:\Work\Maestria\UTEC\23-1\Estructura de Datos\Proyecto1\Candidatos\BC\Proy_BlockChain\EasyBlockChain\Main.cpp(288,27): warning C4129: ' ': secuencia de escape de carácter no reconocida
B:\Work\Maestria\UTEC\23-1\Estructura de Datos\Proyecto1\Candidatos\BC\Proy_BlockChain\EasyBlockChain\Main.cpp(320,28): warning C4129: ' ': secuencia de escape de carácter no reconocida
B:\Work\Maestria\UTEC\23-1\Estructura de Datos\Proyecto1\Candidatos\BC\Proy_BlockChain\EasyBlockChain\Main.cpp(326,27): warning C4129: ' ': secuencia de escape de carácter no reconocida
B:\Work\Maestria\UTEC\23-1\Estructura de Datos\Proyecto1\Candidatos\BC\Proy_BlockChain\EasyBlockChain\Block.h(125,25): warning C4018: '<': no coinciden signed/unsigned
B:\Work\Maestria\UTEC\23-1\Estructura de Datos\Proyecto1\Candidatos\BC\Proy_BlockChain\EasyBlockChain\Block.h(122): message : al compilar la función del miembro clase plantilla "void CBlock<Transaccion>::Minar(int)"
B:\Work\Maestria\UTEC\23-1\Estructura de Datos\Proyecto1\Candidatos\BC\Proy_BlockChain\EasyBlockChain\BlockChain.h(56): message : Vea la referencia a la creación de una instancia de la función plantilla "void CBlock<Transaccion>::Minar(int)" que se está compilando
B:\Work\Maestria\UTEC\23-1\Estructura de Datos\Proyecto1\Candidatos\BC\Proy_BlockChain\EasyBlockChain\Block.h(71): message : al compilar la función del miembro clase plantilla "CBlock<Transaccion>::CBlock(void)"
B:\Work\Maestria\UTEC\23-1\Estructura de Datos\Proyecto1\Candidatos\BC\Proy_BlockChain\EasyBlockChain\Main.cpp(124): message : Vea la referencia a la creación de una instancia de la función plantilla "CBlock<Transaccion>::CBlock(void)" que se está compilando
B:\Work\Maestria\UTEC\23-1\Estructura de Datos\Proyecto1\Candidatos\BC\Proy_BlockChain\EasyBlockChain\Main.cpp(36): message : Vea la referencia a la creación de una instancia de clase plantilla "CBlock<Transaccion>" que se está compilando
  SHA256.cpp
B:\Work\Maestria\UTEC\23-1\Estructura de Datos\Proyecto1\Candidatos\BC\Proy_BlockChain\EasyBlockChain\SHA256.cpp(161,58): warning C4267: 'argumento': conversión de 'size_t' a 'unsigned int'; posible pérdida de datos
  Generando código...
  EasyBlockChain.vcxproj -> B:\Work\Maestria\UTEC\23-1\Estructura de Datos\Proyecto1\Candidatos\BC\Proy_BlockChain\x64\Debug\BlockChain2023.exe
